#
# There is insufficient memory for the Java Runtime Environment to continue.
# Native memory allocation (mmap) failed to map 264241152 bytes for G1 virtual space
# Possible reasons:
#   The system is out of physical RAM or swap space
#   The process is running with CompressedOops enabled, and the Java Heap may be blocking the growth of the native heap
# Possible solutions:
#   Reduce memory load on the system
#   Increase physical memory or swap space
#   Check if swap backing store is full
#   Decrease Java heap size (-Xmx/-Xms)
#   Decrease number of Java threads
#   Decrease Java thread stack sizes (-Xss)
#   Set larger code cache with -XX:ReservedCodeCacheSize=
#   JVM is running with Zero Based Compressed Oops mode in which the Java heap is
#     placed in the first 32GB address space. The Java Heap base address is the
#     maximum limit for the native heap growth. Please use -XX:HeapBaseMinAddress
#     to set the Java Heap base and to place the Java Heap above 32GB virtual address.
# This output file may be truncated or incomplete.
#
#  Out of Memory Error (os_windows.cpp:3530), pid=26792, tid=26812
#
# JRE version:  (18.0+36) (build )
# Java VM: Java HotSpot(TM) 64-Bit Server VM (18+36-2087, mixed mode, sharing, tiered, compressed oops, compressed class ptrs, g1 gc, windows-amd64)
# No core dump will be written. Minidumps are not enabled by default on client versions of Windows
#

---------------  S U M M A R Y ------------

Command Line: 

Host: 11th Gen Intel(R) Core(TM) i7-1165G7 @ 2.80GHz, 8 cores, 15G,  Windows 10 , 64 bit Build 19041 (10.0.19041.1645)
Time: Mon May 16 17:09:45 2022 India Standard Time elapsed time: 0.011579 seconds (0d 0h 0m 0s)

---------------  T H R E A D  ---------------

Current thread (0x0000028d97ff90c0):  JavaThread "Unknown thread" [_thread_in_vm, id=26812, stack(0x000000a9b3300000,0x000000a9b3400000)]

Stack: [0x000000a9b3300000,0x000000a9b3400000]
Native frames: (J=compiled Java code, j=interpreted, Vv=VM code, C=native code)
V  [jvm.dll+0x69804a]
V  [jvm.dll+0x7f308d]
V  [jvm.dll+0x7f499e]
V  [jvm.dll+0x7f5053]
V  [jvm.dll+0x25ca3f]
V  [jvm.dll+0x694f99]
V  [jvm.dll+0x689aca]
V  [jvm.dll+0x321efb]
V  [jvm.dll+0x3298d6]
V  [jvm.dll+0x37e47e]
V  [jvm.dll+0x37e6af]
V  [jvm.dll+0x2f9c7a]
V  [jvm.dll+0x2facdd]
V  [jvm.dll+0x7c1cc0]
V  [jvm.dll+0x38b801]
V  [jvm.dll+0x7a09d3]
V  [jvm.dll+0x40d6bf]
V  [jvm.dll+0x40f091]
C  [jli.dll+0x526b]
C  [ucrtbase.dll+0x21bb2]
C  [KERNEL32.dll+0x17034]
C  [ntdll.dll+0x52651]


---------------  P R O C E S S  ---------------

Threads class SMR info:
_java_thread_list=0x00007ff8dd9fe550, length=0, elements={
}

Java Threads: ( => current thread )

Other Threads:
  0x0000028d980688e0 WorkerThread "GC Thread#0" [stack: 0x000000a9b3400000,0x000000a9b3500000] [id=26816]
  0x0000028d98079410 ConcurrentGCThread "G1 Main Marker" [stack: 0x000000a9b3500000,0x000000a9b3600000] [id=26820]
  0x0000028d98079e00 WorkerThread "G1 Conc#0" [stack: 0x000000a9b3600000,0x000000a9b3700000] [id=26824]

[error occurred during error reporting (printing all threads), id 0xc0000005, EXCEPTION_ACCESS_VIOLATION (0xc0000005) at pc=0x00007ff8dd22a217]

VM state: not at safepoint (not fully initialized)

VM Mutex/Monitor currently owned by a thread:  ([mutex/lock_event])
[0x0000028d97ff3ca0] Heap_lock - owner thread: 0x0000028d97ff90c0

Heap address: 0x0000000704000000, size: 4032 MB, Compressed Oops mode: Zero based, Oop shift amount: 3

CDS archive(s) mapped at: [0x0000000000000000-0x0000000000000000-0x0000000000000000), size 0, SharedBaseAddress: 0x0000000800000000, ArchiveRelocationMode: 0.
Narrow klass base: 0x0000000000000000, Narrow klass shift: 0, Narrow klass range: 0x0

GC Precious Log:
 CardTable entry size: 512
 Card Set container configuration: InlinePtr #cards 4 size 8 Array Of Cards #cards 16 size 48 Howl #buckets 8 coarsen threshold 3686 Howl Bitmap #cards 512 size 80 coarsen threshold 460 Card regions per heap region 1 cards per card region 4096

Heap:
 garbage-first heap   total 0K, used 0K [0x0000000704000000, 0x0000000800000000)
  region size 2048K, 0 young (0K), 0 survivors (0K)

[error occurred during error reporting (printing heap information), id 0xc0000005, EXCEPTION_ACCESS_VIOLATION (0xc0000005) at pc=0x00007ff8dd610489]

GC Heap History (0 events):
No events

Deoptimization events (0 events):
No events

Classes loaded (0 events):
No events

Classes unloaded (0 events):
No events

Classes redefined (0 events):
No events

Internal exceptions (0 events):
No events

VM Operations (0 events):
No events

Events (1 events):
Event: 0.007 Loaded shared library C:\Program Files\Java\jdk-18\bin\java.dll


Dynamic libraries:
0x00007ff6313c0000 - 0x00007ff6313d0000 	C:\Program Files\Java\jdk-18\bin\java.exe
0x00007ff9965d0000 - 0x00007ff9967c5000 	C:\Windows\SYSTEM32\ntdll.dll
0x00007ff995470000 - 0x00007ff99552e000 	C:\Windows\System32\KERNEL32.dll
0x00007ff993980000 - 0x00007ff993a9f000 	C:\Windows\system32\hmpalert.dll
0x00007ff993fa0000 - 0x00007ff994268000 	C:\Windows\System32\KERNELBASE.dll
0x00007ff994500000 - 0x00007ff994600000 	C:\Windows\System32\ucrtbase.dll
0x00007ff98d210000 - 0x00007ff98d228000 	C:\Program Files\Java\jdk-18\bin\jli.dll
0x00007ff995c40000 - 0x00007ff995cee000 	C:\Windows\System32\ADVAPI32.dll
0x00007ff979630000 - 0x00007ff97964a000 	C:\Program Files\Java\jdk-18\bin\VCRUNTIME140.dll
0x00007ff9964f0000 - 0x00007ff99658e000 	C:\Windows\System32\msvcrt.dll
0x00007ff995790000 - 0x00007ff99582c000 	C:\Windows\System32\sechost.dll
0x00007ff9952d0000 - 0x00007ff9953f5000 	C:\Windows\System32\RPCRT4.dll
0x00007ff994f60000 - 0x00007ff995100000 	C:\Windows\System32\USER32.dll
0x00007ff994600000 - 0x00007ff994622000 	C:\Windows\System32\win32u.dll
0x00007ff994b60000 - 0x00007ff994b8a000 	C:\Windows\System32\GDI32.dll
0x00007ff9943c0000 - 0x00007ff9944cb000 	C:\Windows\System32\gdi32full.dll
0x00007ff994320000 - 0x00007ff9943bd000 	C:\Windows\System32\msvcp_win.dll
0x00007ff980240000 - 0x00007ff9804da000 	C:\Windows\WinSxS\amd64_microsoft.windows.common-controls_6595b64144ccf1df_6.0.19041.1110_none_60b5254171f9507e\COMCTL32.dll
0x00007ff98c660000 - 0x00007ff98c66a000 	C:\Windows\SYSTEM32\VERSION.dll
0x00007ff994f20000 - 0x00007ff994f50000 	C:\Windows\System32\IMM32.DLL
0x00007ff98d510000 - 0x00007ff98d51c000 	C:\Program Files\Java\jdk-18\bin\vcruntime140_1.dll
0x00007ff9489d0000 - 0x00007ff948a5d000 	C:\Program Files\Java\jdk-18\bin\msvcp140.dll
0x00007ff8dcf20000 - 0x00007ff8ddb31000 	C:\Program Files\Java\jdk-18\bin\server\jvm.dll
0x00007ff995400000 - 0x00007ff995408000 	C:\Windows\System32\PSAPI.DLL
0x00007ff978b80000 - 0x00007ff978b89000 	C:\Windows\SYSTEM32\WSOCK32.dll
0x00007ff995190000 - 0x00007ff9951fb000 	C:\Windows\System32\WS2_32.dll
0x00007ff96f640000 - 0x00007ff96f667000 	C:\Windows\SYSTEM32\WINMM.dll
0x00007ff992480000 - 0x00007ff992492000 	C:\Windows\SYSTEM32\kernel.appcore.dll
0x00007ff98d200000 - 0x00007ff98d20a000 	C:\Program Files\Java\jdk-18\bin\jimage.dll
0x00007ff991950000 - 0x00007ff991b34000 	C:\Windows\SYSTEM32\DBGHELP.DLL
0x00007ff975ac0000 - 0x00007ff975aec000 	C:\Windows\SYSTEM32\dbgcore.DLL
0x00007ff993db0000 - 0x00007ff993e32000 	C:\Windows\System32\bcryptPrimitives.dll
0x00007ff96c8b0000 - 0x00007ff96c8d5000 	C:\Program Files\Java\jdk-18\bin\java.dll

dbghelp: loaded successfully - version: 4.0.5 - missing functions: none
symbol engine: initialized successfully - sym options: 0x614 - pdb path: .;C:\Program Files\Java\jdk-18\bin;C:\Windows\SYSTEM32;C:\Windows\WinSxS\amd64_microsoft.windows.common-controls_6595b64144ccf1df_6.0.19041.1110_none_60b5254171f9507e;C:\Program Files\Java\jdk-18\bin\server

VM Arguments:
java_command: <unknown>
java_class_path (initial): <not set>
Launcher Type: SUN_STANDARD

[Global flags]
     intx CICompilerCount                          = 4                                         {product} {ergonomic}
     uint ConcGCThreads                            = 2                                         {product} {ergonomic}
     uint G1ConcRefinementThreads                  = 8                                         {product} {ergonomic}
   size_t G1HeapRegionSize                         = 2097152                                   {product} {ergonomic}
    uintx GCDrainStackTargetSize                   = 64                                        {product} {ergonomic}
   size_t InitialHeapSize                          = 264241152                                 {product} {ergonomic}
   size_t MarkStackSize                            = 4194304                                   {product} {ergonomic}
   size_t MaxHeapSize                              = 4227858432                                {product} {ergonomic}
   size_t MinHeapDeltaBytes                        = 2097152                                   {product} {ergonomic}
   size_t MinHeapSize                              = 8388608                                   {product} {ergonomic}
    uintx NonNMethodCodeHeapSize                   = 5839372                                {pd product} {ergonomic}
    uintx NonProfiledCodeHeapSize                  = 122909434                              {pd product} {ergonomic}
    uintx ProfiledCodeHeapSize                     = 122909434                              {pd product} {ergonomic}
    uintx ReservedCodeCacheSize                    = 251658240                              {pd product} {ergonomic}
     bool SegmentedCodeCache                       = true                                      {product} {ergonomic}
   size_t SoftMaxHeapSize                          = 4227858432                             {manageable} {ergonomic}
     bool UseCompressedClassPointers               = true                           {product lp64_product} {ergonomic}
     bool UseCompressedOops                        = true                           {product lp64_product} {ergonomic}
     bool UseG1GC                                  = true                                      {product} {ergonomic}
     bool UseLargePagesIndividualAllocation        = false                                  {pd product} {ergonomic}

Logging:
Log output configuration:
 #0: stdout all=warning uptime,level,tags foldmultilines=false
 #1: stderr all=off uptime,level,tags foldmultilines=false

Environment Variables:
PATH=E:\ReactNative\assignment\android\node_modules\.bin;E:\ReactNative\assignment\node_modules\.bin;E:\ReactNative\node_modules\.bin;E:\node_modules\.bin;C:\Program Files\nodejs;E:\ReactNative\assignment\node_modules\.bin;E:\ReactNative\node_modules\.bin;E:\node_modules\.bin;C:\Users\nikhitha.bijjala\AppData\Roaming\npm\node_modules\npm\node_modules\@npmcli\run-script\lib\node-gyp-bin;C:\Program Files\Common Files\Oracle\Java\javapath;C:\Program Files\Microsoft MPI\Bin\;C:\Windows\system32;C:\Windows;C:\Windows\System32\Wbem;C:\Windows\System32\WindowsPowerShell\v1.0\;C:\Windows\System32\OpenSSH\;C:\Program Files\nodejs\;C:\Program Files\Azure Data Studio\bin;C:\Program Files\Microsoft SQL Server\Client SDK\ODBC\170\Tools\Binn\;C:\Program Files (x86)\Microsoft SQL Server\150\Tools\Binn\;C:\Program Files\Microsoft SQL Server\150\Tools\Binn\;C:\Program Files\Microsoft SQL Server\150\DTS\Binn\;C:\Program Files (x86)\Microsoft SQL Server\150\DTS\Binn\;C:\Users\nikhitha.bijjala\AppData\Local\Microsoft\WindowsApps;C:\Users\nikhitha.bijjala\AppData\Local\Programs\Git\cmd;C:\Users\nikhitha.bijjala\AppData\Local\Programs\Microsoft VS Code\bin;C:\Users\nikhitha.bijjala\AppData\Roaming\npm;C:\Users\nikhitha.bijjala\AppData\Local\Android\Sdk\platform-tools;;E:\ReactNative\assignment\node_modules\.bin
USERNAME=nikhitha.bijjala
LANG=en_US.UTF-8
OS=Windows_NT
PROCESSOR_IDENTIFIER=Intel64 Family 6 Model 140 Stepping 1, GenuineIntel



---------------  S Y S T E M  ---------------

OS:
 Windows 10 , 64 bit Build 19041 (10.0.19041.1645)
OS uptime: 0 days 6:35 hours

CPU: total 8 (initial active 8) (4 cores per cpu, 2 threads per core) family 6 model 140 stepping 1 microcode 0x86, cx8, cmov, fxsr, ht, mmx, 3dnowpref, sse, sse2, sse3, ssse3, sse4.1, sse4.2, popcnt, lzcnt, tsc, tscinvbit, avx, avx2, aes, erms, clmul, bmi1, bmi2, adx, avx512f, avx512dq, avx512cd, avx512bw, avx512vl, sha, fma, vzeroupper, avx512_vpopcntdq, avx512_vpclmulqdq, avx512_vaes, avx512_vnni, clflush, clflushopt, clwb, avx512_vbmi2, avx512_vbmi

Memory: 4k page, system-wide physical 16122M (3748M free)
TotalPageFile size 36176M (AvailPageFile size 162M)
current process WorkingSet (physical memory assigned to process): 11M, peak: 11M
current process commit charge ("private bytes"): 62M, peak: 314M

vm_info: Java HotSpot(TM) 64-Bit Server VM (18+36-2087) for windows-amd64 JRE (18+36-2087), built on Feb 15 2022 09:43:11 by "mach5one" with MS VC++ 16.8 / 16.9 (VS2019)

END.
